<?xml version="1.0" encoding="UTF-8"?>
<!-- Generated by org.testng.reporters.JUnitXMLReporter -->
<testsuite ignored="7" hostname="DESKTOP-5DJG0VO" failures="0" tests="2" name="Test" time="140.168" errors="0" timestamp="2024-05-18T10:18:48 IST">
  <testcase classname="crm.ContactTest.createContactWith3ScrptsTest" name="createContactTest" time="39.841"/>
  <testcase classname="crm.OrgTest.CreateOrgWith4Scripts" name="createOrganisationTest" time="11.279"/>
  <testcase classname="crm.OrgTest.CreateOrgWith4Scripts" name="createOrgWithPhoneNumTest" time="0.0">
    <ignored/>
  </testcase> <!-- createOrgWithPhoneNumTest -->
  <testcase classname="crm.OrgTest.CreateOrgWith4Scripts" name="deleteOrgNameTest" time="0.0">
    <ignored/>
  </testcase> <!-- deleteOrgNameTest -->
  <testcase classname="com.comcas.crm.baseTest.BaseClass" name="@AfterSuite conFigAS" time="0.0">
    <ignored/>
  </testcase> <!-- @AfterSuite conFigAS -->
  <testcase classname="crm.OrgTest.CreateOrgWith4Scripts" name="createOrgWithIndustryTypeTest" time="0.0">
    <ignored/>
  </testcase> <!-- createOrgWithIndustryTypeTest -->
  <testcase classname="com.comcas.crm.baseTest.BaseClass" name="@BeforeSuite conFigBS" time="0.0">
    <ignored/>
  </testcase> <!-- @BeforeSuite conFigBS -->
  <testcase classname="crm.ContactTest.createContactWith3ScrptsTest" name="createContactWithSupportDateTest" time="0.0">
    <ignored/>
  </testcase> <!-- createContactWithSupportDateTest -->
  <testcase classname="crm.ContactTest.createContactWith3ScrptsTest" name="createContactWithOrgNameTest" time="0.0">
    <ignored/>
  </testcase> <!-- createContactWithOrgNameTest -->
</testsuite> <!-- Test -->
