<?xml version="1.0" encoding="UTF-8"?>
<testng-results ignored="0" total="2" passed="2" failed="0" skipped="0">
  <reporter-output>
  </reporter-output>
  <suite started-at="2024-05-18T10:16:28 IST" name="Suite" finished-at="2024-05-18T10:18:48 IST" duration-ms="140168">
    <groups>
      <group name="smokeTest">
        <method signature="createContactWith3ScrptsTest.createContactTest()[pri:0, instance:crm.ContactTest.createContactWith3ScrptsTest@1e800aaa]" name="createContactTest" class="crm.ContactTest.createContactWith3ScrptsTest"/>
        <method signature="CreateOrgWith4Scripts.createOrganisationTest()[pri:0, instance:crm.OrgTest.CreateOrgWith4Scripts@4116aac9]" name="createOrganisationTest" class="crm.OrgTest.CreateOrgWith4Scripts"/>
      </group> <!-- smokeTest -->
    </groups>
    <test started-at="2024-05-18T10:16:28 IST" name="Test" finished-at="2024-05-18T10:18:48 IST" duration-ms="140168">
      <class name="crm.ContactTest.createContactWith3ScrptsTest">
        <test-method is-config="true" signature="conFigBS()[pri:0, instance:crm.ContactTest.createContactWith3ScrptsTest@1e800aaa]" started-at="2024-05-18T10:16:27 IST" name="conFigBS" finished-at="2024-05-18T10:16:28 IST" duration-ms="887" status="PASS">
          <reporter-output>
          </reporter-output>
        </test-method> <!-- conFigBS -->
        <test-method is-config="true" signature="conFigBC()[pri:0, instance:crm.ContactTest.createContactWith3ScrptsTest@1e800aaa]" started-at="2024-05-18T10:16:28 IST" name="conFigBC" finished-at="2024-05-18T10:16:53 IST" duration-ms="24891" status="PASS">
          <reporter-output>
          </reporter-output>
        </test-method> <!-- conFigBC -->
        <test-method is-config="true" signature="conFigBM()[pri:0, instance:crm.ContactTest.createContactWith3ScrptsTest@1e800aaa]" started-at="2024-05-18T10:16:53 IST" name="conFigBM" finished-at="2024-05-18T10:17:34 IST" duration-ms="40830" status="PASS">
          <reporter-output>
          </reporter-output>
        </test-method> <!-- conFigBM -->
        <test-method signature="createContactTest()[pri:0, instance:crm.ContactTest.createContactWith3ScrptsTest@1e800aaa]" started-at="2024-05-18T10:17:34 IST" name="createContactTest" finished-at="2024-05-18T10:18:14 IST" duration-ms="39841" status="PASS">
          <reporter-output>
          </reporter-output>
        </test-method> <!-- createContactTest -->
        <test-method is-config="true" signature="conFigAM()[pri:0, instance:crm.ContactTest.createContactWith3ScrptsTest@1e800aaa]" started-at="2024-05-18T10:18:14 IST" name="conFigAM" finished-at="2024-05-18T10:18:16 IST" duration-ms="2744" status="PASS">
          <reporter-output>
          </reporter-output>
        </test-method> <!-- conFigAM -->
        <test-method is-config="true" signature="conFigAC()[pri:0, instance:crm.ContactTest.createContactWith3ScrptsTest@1e800aaa]" started-at="2024-05-18T10:18:16 IST" name="conFigAC" finished-at="2024-05-18T10:18:19 IST" duration-ms="2161" status="PASS">
          <reporter-output>
          </reporter-output>
        </test-method> <!-- conFigAC -->
        <test-method is-config="true" signature="conFigAS()[pri:0, instance:crm.ContactTest.createContactWith3ScrptsTest@1e800aaa]" started-at="2024-05-18T10:18:48 IST" name="conFigAS" finished-at="2024-05-18T10:18:48 IST" duration-ms="7" status="PASS">
          <reporter-output>
          </reporter-output>
        </test-method> <!-- conFigAS -->
      </class> <!-- crm.ContactTest.createContactWith3ScrptsTest -->
      <class name="crm.OrgTest.CreateOrgWith4Scripts">
        <test-method is-config="true" signature="conFigBC()[pri:0, instance:crm.OrgTest.CreateOrgWith4Scripts@4116aac9]" started-at="2024-05-18T10:18:19 IST" name="conFigBC" finished-at="2024-05-18T10:18:21 IST" duration-ms="2900" status="PASS">
          <reporter-output>
          </reporter-output>
        </test-method> <!-- conFigBC -->
        <test-method is-config="true" signature="conFigBM()[pri:0, instance:crm.OrgTest.CreateOrgWith4Scripts@4116aac9]" started-at="2024-05-18T10:18:21 IST" name="conFigBM" finished-at="2024-05-18T10:18:33 IST" duration-ms="11551" status="PASS">
          <reporter-output>
          </reporter-output>
        </test-method> <!-- conFigBM -->
        <test-method signature="createOrganisationTest()[pri:0, instance:crm.OrgTest.CreateOrgWith4Scripts@4116aac9]" started-at="2024-05-18T10:18:33 IST" name="createOrganisationTest" finished-at="2024-05-18T10:18:44 IST" duration-ms="11279" status="PASS">
          <reporter-output>
          </reporter-output>
        </test-method> <!-- createOrganisationTest -->
        <test-method is-config="true" signature="conFigAM()[pri:0, instance:crm.OrgTest.CreateOrgWith4Scripts@4116aac9]" started-at="2024-05-18T10:18:44 IST" name="conFigAM" finished-at="2024-05-18T10:18:47 IST" duration-ms="2347" status="PASS">
          <reporter-output>
          </reporter-output>
        </test-method> <!-- conFigAM -->
        <test-method is-config="true" signature="conFigAC()[pri:0, instance:crm.OrgTest.CreateOrgWith4Scripts@4116aac9]" started-at="2024-05-18T10:18:47 IST" name="conFigAC" finished-at="2024-05-18T10:18:48 IST" duration-ms="1490" status="PASS">
          <reporter-output>
          </reporter-output>
        </test-method> <!-- conFigAC -->
      </class> <!-- crm.OrgTest.CreateOrgWith4Scripts -->
    </test> <!-- Test -->
  </suite> <!-- Suite -->
</testng-results>
